<?xml version="1.0" encoding="UTF-8"?>
<testng-results ignored="0" total="1" passed="1" failed="0" skipped="0">
  <reporter-output>
  </reporter-output>
  <suite started-at="2022-09-07T18:56:50 EET" name="Test Web Application" finished-at="2022-09-07T18:57:14 EET" duration-ms="24499">
    <groups>
      <group name="smoke">
        <method signature="TestBase.startApplication()[pri:1, instance:test_cases.TestBase@53fdffa1]" name="startApplication" class="test_cases.TestBase"/>
      </group> <!-- smoke -->
    </groups>
    <test started-at="2022-09-07T18:56:50 EET" name="Test Home Page" finished-at="2022-09-07T18:57:14 EET" duration-ms="24499">
      <class name="test_cases.TestBase">
        <test-method is-config="true" signature="prepareClassProperties(java.lang.String)[pri:0, instance:test_cases.TestBase@53fdffa1]" started-at="2022-09-07T18:56:50 EET" name="prepareClassProperties" finished-at="2022-09-07T18:57:08 EET" duration-ms="17942" status="PASS">
          <params>
            <param index="0">
              <value>
                <![CDATA[Chrome]]>
              </value>
            </param>
          </params>
          <reporter-output>
          </reporter-output>
        </test-method> <!-- prepareClassProperties -->
        <test-method signature="startApplication()[pri:1, instance:test_cases.TestBase@53fdffa1]" started-at="2022-09-07T18:57:08 EET" name="startApplication" description="add page description" finished-at="2022-09-07T18:57:13 EET" duration-ms="5175" status="PASS">
          <reporter-output>
          </reporter-output>
        </test-method> <!-- startApplication -->
        <test-method is-config="true" signature="tearDown()[pri:0, instance:test_cases.TestBase@53fdffa1]" started-at="2022-09-07T18:57:13 EET" name="tearDown" finished-at="2022-09-07T18:57:14 EET" duration-ms="1312" status="PASS">
          <reporter-output>
          </reporter-output>
        </test-method> <!-- tearDown -->
      </class> <!-- test_cases.TestBase -->
    </test> <!-- Test Home Page -->
  </suite> <!-- Test Web Application -->
</testng-results>
